<?xml version="1.0" encoding="UTF-8"?>
<testsuite xmlns:xsi="http://www.w3.org/2001/XMLSchema-instance" xsi:noNamespaceSchemaLocation="https://maven.apache.org/surefire/maven-surefire-plugin/xsd/surefire-test-report.xsd" name="account.test.CheckFieldToLengthTest" time="0.015" tests="5" errors="0" skipped="0" failures="0">
  <properties>
    <property name="gopherProxySet" value="false"/>
    <property name="awt.toolkit" value="sun.lwawt.macosx.LWCToolkit"/>
    <property name="java.specification.version" value="11"/>
    <property name="sun.cpu.isalist" value=""/>
    <property name="sun.jnu.encoding" value="UTF-8"/>
    <property name="java.class.path" value="/Users/vladimirsirotinkiy/IdeaProjects/sprint_4/target/test-classes:/Users/vladimirsirotinkiy/IdeaProjects/sprint_4/target/classes:/Users/vladimirsirotinkiy/.m2/repository/junit/junit/4.13.2/junit-4.13.2.jar:/Users/vladimirsirotinkiy/.m2/repository/org/hamcrest/hamcrest-core/1.3/hamcrest-core-1.3.jar:/Users/vladimirsirotinkiy/.m2/repository/org/apache/maven/plugins/maven-compiler-plugin/3.10.1/maven-compiler-plugin-3.10.1.jar:/Users/vladimirsirotinkiy/.m2/repository/org/apache/maven/shared/maven-shared-utils/3.3.4/maven-shared-utils-3.3.4.jar:/Users/vladimirsirotinkiy/.m2/repository/commons-io/commons-io/2.6/commons-io-2.6.jar:/Users/vladimirsirotinkiy/.m2/repository/org/apache/maven/shared/maven-shared-incremental/1.1/maven-shared-incremental-1.1.jar:/Users/vladimirsirotinkiy/.m2/repository/org/codehaus/plexus/plexus-component-annotations/1.5.5/plexus-component-annotations-1.5.5.jar:/Users/vladimirsirotinkiy/.m2/repository/org/codehaus/plexus/plexus-java/1.1.1/plexus-java-1.1.1.jar:/Users/vladimirsirotinkiy/.m2/repository/org/ow2/asm/asm/9.2/asm-9.2.jar:/Users/vladimirsirotinkiy/.m2/repository/com/thoughtworks/qdox/qdox/2.0.1/qdox-2.0.1.jar:/Users/vladimirsirotinkiy/.m2/repository/org/codehaus/plexus/plexus-compiler-api/2.11.1/plexus-compiler-api-2.11.1.jar:/Users/vladimirsirotinkiy/.m2/repository/org/codehaus/plexus/plexus-utils/3.4.1/plexus-utils-3.4.1.jar:/Users/vladimirsirotinkiy/.m2/repository/org/codehaus/plexus/plexus-compiler-manager/2.11.1/plexus-compiler-manager-2.11.1.jar:/Users/vladimirsirotinkiy/.m2/repository/org/codehaus/plexus/plexus-compiler-javac/2.11.1/plexus-compiler-javac-2.11.1.jar:/Users/vladimirsirotinkiy/.m2/repository/org/projectlombok/lombok/1.18.24/lombok-1.18.24.jar:/Users/vladimirsirotinkiy/.m2/repository/org/apache/commons/commons-lang3/3.12.0/commons-lang3-3.12.0.jar:/Users/vladimirsirotinkiy/.m2/repository/io/qameta/allure/allure-junit4/2.17.3/allure-junit4-2.17.3.jar:/Users/vladimirsirotinkiy/.m2/repository/io/qameta/allure/allure-java-commons/2.17.3/allure-java-commons-2.17.3.jar:/Users/vladimirsirotinkiy/.m2/repository/org/slf4j/slf4j-api/1.7.30/slf4j-api-1.7.30.jar:/Users/vladimirsirotinkiy/.m2/repository/io/qameta/allure/allure-model/2.17.3/allure-model-2.17.3.jar:"/>
    <property name="java.vm.vendor" value="Amazon.com Inc."/>
    <property name="sun.arch.data.model" value="64"/>
    <property name="java.vendor.url" value="https://aws.amazon.com/corretto/"/>
    <property name="user.timezone" value=""/>
    <property name="java.vm.specification.version" value="11"/>
    <property name="os.name" value="Mac OS X"/>
    <property name="sun.java.launcher" value="SUN_STANDARD"/>
    <property name="user.country" value="RU"/>
    <property name="sun.boot.library.path" value="/Library/Java/JavaVirtualMachines/amazon-corretto-11.jdk/Contents/Home/lib"/>
    <property name="sun.java.command" value="/Users/vladimirsirotinkiy/IdeaProjects/sprint_4/target/surefire/surefirebooter9916551060116621921.jar /Users/vladimirsirotinkiy/IdeaProjects/sprint_4/target/surefire 2022-06-08T15-28-39_106-jvmRun1 surefire17279343962880249842tmp surefire_010832235316113765368tmp"/>
    <property name="http.nonProxyHosts" value="local|*.local|169.254/16|*.169.254/16"/>
    <property name="jdk.debug" value="release"/>
    <property name="surefire.test.class.path" value="/Users/vladimirsirotinkiy/IdeaProjects/sprint_4/target/test-classes:/Users/vladimirsirotinkiy/IdeaProjects/sprint_4/target/classes:/Users/vladimirsirotinkiy/.m2/repository/junit/junit/4.13.2/junit-4.13.2.jar:/Users/vladimirsirotinkiy/.m2/repository/org/hamcrest/hamcrest-core/1.3/hamcrest-core-1.3.jar:/Users/vladimirsirotinkiy/.m2/repository/org/apache/maven/plugins/maven-compiler-plugin/3.10.1/maven-compiler-plugin-3.10.1.jar:/Users/vladimirsirotinkiy/.m2/repository/org/apache/maven/shared/maven-shared-utils/3.3.4/maven-shared-utils-3.3.4.jar:/Users/vladimirsirotinkiy/.m2/repository/commons-io/commons-io/2.6/commons-io-2.6.jar:/Users/vladimirsirotinkiy/.m2/repository/org/apache/maven/shared/maven-shared-incremental/1.1/maven-shared-incremental-1.1.jar:/Users/vladimirsirotinkiy/.m2/repository/org/codehaus/plexus/plexus-component-annotations/1.5.5/plexus-component-annotations-1.5.5.jar:/Users/vladimirsirotinkiy/.m2/repository/org/codehaus/plexus/plexus-java/1.1.1/plexus-java-1.1.1.jar:/Users/vladimirsirotinkiy/.m2/repository/org/ow2/asm/asm/9.2/asm-9.2.jar:/Users/vladimirsirotinkiy/.m2/repository/com/thoughtworks/qdox/qdox/2.0.1/qdox-2.0.1.jar:/Users/vladimirsirotinkiy/.m2/repository/org/codehaus/plexus/plexus-compiler-api/2.11.1/plexus-compiler-api-2.11.1.jar:/Users/vladimirsirotinkiy/.m2/repository/org/codehaus/plexus/plexus-utils/3.4.1/plexus-utils-3.4.1.jar:/Users/vladimirsirotinkiy/.m2/repository/org/codehaus/plexus/plexus-compiler-manager/2.11.1/plexus-compiler-manager-2.11.1.jar:/Users/vladimirsirotinkiy/.m2/repository/org/codehaus/plexus/plexus-compiler-javac/2.11.1/plexus-compiler-javac-2.11.1.jar:/Users/vladimirsirotinkiy/.m2/repository/org/projectlombok/lombok/1.18.24/lombok-1.18.24.jar:/Users/vladimirsirotinkiy/.m2/repository/org/apache/commons/commons-lang3/3.12.0/commons-lang3-3.12.0.jar:/Users/vladimirsirotinkiy/.m2/repository/io/qameta/allure/allure-junit4/2.17.3/allure-junit4-2.17.3.jar:/Users/vladimirsirotinkiy/.m2/repository/io/qameta/allure/allure-java-commons/2.17.3/allure-java-commons-2.17.3.jar:/Users/vladimirsirotinkiy/.m2/repository/org/slf4j/slf4j-api/1.7.30/slf4j-api-1.7.30.jar:/Users/vladimirsirotinkiy/.m2/repository/io/qameta/allure/allure-model/2.17.3/allure-model-2.17.3.jar:"/>
    <property name="sun.cpu.endian" value="little"/>
    <property name="allure.results.directory" value="/Users/vladimirsirotinkiy/IdeaProjects/sprint_4/target/allure-results"/>
    <property name="user.home" value="/Users/vladimirsirotinkiy"/>
    <property name="user.language" value="ru"/>
    <property name="java.specification.vendor" value="Oracle Corporation"/>
    <property name="java.version.date" value="2022-02-08"/>
    <property name="java.home" value="/Library/Java/JavaVirtualMachines/amazon-corretto-11.jdk/Contents/Home"/>
    <property name="file.separator" value="/"/>
    <property name="basedir" value="/Users/vladimirsirotinkiy/IdeaProjects/sprint_4"/>
    <property name="java.vm.compressedOopsMode" value="Zero based"/>
    <property name="line.separator" value="&#10;"/>
    <property name="java.specification.name" value="Java Platform API Specification"/>
    <property name="java.vm.specification.vendor" value="Oracle Corporation"/>
    <property name="java.awt.graphicsenv" value="sun.awt.CGraphicsEnvironment"/>
    <property name="surefire.real.class.path" value="/Users/vladimirsirotinkiy/IdeaProjects/sprint_4/target/surefire/surefirebooter9916551060116621921.jar"/>
    <property name="sun.management.compiler" value="HotSpot 64-Bit Tiered Compilers"/>
    <property name="ftp.nonProxyHosts" value="local|*.local|169.254/16|*.169.254/16"/>
    <property name="java.runtime.version" value="11.0.14.1+10-LTS"/>
    <property name="user.name" value="vladimirsirotinkiy"/>
    <property name="path.separator" value=":"/>
    <property name="os.version" value="12.2"/>
    <property name="java.runtime.name" value="OpenJDK Runtime Environment"/>
    <property name="file.encoding" value="UTF-8"/>
    <property name="java.vm.name" value="OpenJDK 64-Bit Server VM"/>
    <property name="java.vendor.version" value="Corretto-11.0.14.10.1"/>
    <property name="localRepository" value="/Users/vladimirsirotinkiy/.m2/repository"/>
    <property name="java.vendor.url.bug" value="https://github.com/corretto/corretto-11/issues/"/>
    <property name="java.io.tmpdir" value="/var/folders/mf/5wq6_b2s7rvc7f855nhsc38c0000gn/T/"/>
    <property name="idea.version" value="2022.1.1"/>
    <property name="java.version" value="11.0.14.1"/>
    <property name="user.dir" value="/Users/vladimirsirotinkiy/IdeaProjects/sprint_4"/>
    <property name="os.arch" value="x86_64"/>
    <property name="java.vm.specification.name" value="Java Virtual Machine Specification"/>
    <property name="java.awt.printerjob" value="sun.lwawt.macosx.CPrinterJob"/>
    <property name="sun.os.patch.level" value="unknown"/>
    <property name="java.library.path" value="/Users/vladimirsirotinkiy/Library/Java/Extensions:/Library/Java/Extensions:/Network/Library/Java/Extensions:/System/Library/Java/Extensions:/usr/lib/java:."/>
    <property name="java.vm.info" value="mixed mode"/>
    <property name="java.vendor" value="Amazon.com Inc."/>
    <property name="java.vm.version" value="11.0.14.1+10-LTS"/>
    <property name="sun.io.unicode.encoding" value="UnicodeBig"/>
    <property name="java.class.version" value="55.0"/>
    <property name="socksNonProxyHosts" value="local|*.local|169.254/16|*.169.254/16"/>
  </properties>
  <testcase name="testLengthField[0]" classname="account.test.CheckFieldToLengthTest" time="0.002"/>
  <testcase name="testLengthField[1]" classname="account.test.CheckFieldToLengthTest" time="0.004"/>
  <testcase name="testLengthField[2]" classname="account.test.CheckFieldToLengthTest" time="0.002"/>
  <testcase name="testLengthField[3]" classname="account.test.CheckFieldToLengthTest" time="0"/>
  <testcase name="testLengthField[4]" classname="account.test.CheckFieldToLengthTest" time="0.001"/>
</testsuite>